Change Component Designator: Old Designator=C1 New Designator=C28
Change Component Designator: Old Designator=C2 New Designator=C1
Change Component Designator: Old Designator=C3 New Designator=C2
Change Component Designator: Old Designator=C4 New Designator=C31
Change Component Designator: Old Designator=C19 New Designator=C3
Change Component Designator: Old Designator=C20 New Designator=C4
Change Component Designator: Old Designator=C21 New Designator=C5
Change Component Designator: Old Designator=C22 New Designator=C6
Change Component Designator: Old Designator=C23 New Designator=C7
Change Component Designator: Old Designator=C24 New Designator=C8
Change Component Designator: Old Designator=C25 New Designator=C9
Change Component Designator: Old Designator=C26 New Designator=C10
Change Component Designator: Old Designator=C27 New Designator=C11
Change Component Designator: Old Designator=C28 New Designator=C12
Change Component Designator: Old Designator=C29 New Designator=C18
Change Component Designator: Old Designator=C30 New Designator=C13
Change Component Designator: Old Designator=C31 New Designator=C14
Change Component Designator: Old Designator=C32 New Designator=C15
Change Component Designator: Old Designator=C33 New Designator=C16
Change Component Designator: Old Designator=C34 New Designator=C17
Change Component Designator: Old Designator=C36 New Designator=C19
Change Component Designator: Old Designator=C37 New Designator=C20
Change Component Designator: Old Designator=C38 New Designator=C21
Change Component Designator: Old Designator=C39 New Designator=C22
Change Component Designator: Old Designator=C40 New Designator=C23
Change Component Designator: Old Designator=C41 New Designator=C24
Change Component Designator: Old Designator=C42 New Designator=C25
Change Component Designator: Old Designator=C43 New Designator=C26
Change Component Designator: Old Designator=C44 New Designator=C27
Change Component Designator: Old Designator=C46 New Designator=C29
Change Component Designator: Old Designator=C47 New Designator=C30
Change Component Designator: Old Designator=C48 New Designator=C32
Change Component Designator: Old Designator=C49 New Designator=C33
Change Component Designator: Old Designator=C50 New Designator=C34
Change Component Designator: Old Designator=D1 New Designator=D4
Change Component Designator: Old Designator=D2 New Designator=D5
Change Component Designator: Old Designator=D4 New Designator=D1
Change Component Designator: Old Designator=D5 New Designator=D2
Change Component Designator: Old Designator=D6 New Designator=D3
Change Component Designator: Old Designator=J? New Designator=J1
Change Component Designator: Old Designator=K1 New Designator=K2
Change Component Designator: Old Designator=K2 New Designator=K1
Change Component Designator: Old Designator=LED1 New Designator=LED4
Change Component Designator: Old Designator=LED2 New Designator=LED1
Change Component Designator: Old Designator=LED3 New Designator=LED2
Change Component Designator: Old Designator=LED4 New Designator=LED3
Change Component Designator: Old Designator=P1 New Designator=P13
Change Component Designator: Old Designator=P2 New Designator=P14
Change Component Designator: Old Designator=P3 New Designator=P15
Change Component Designator: Old Designator=P4 New Designator=P16
Change Component Designator: Old Designator=P5 New Designator=P10
Change Component Designator: Old Designator=P15 New Designator=P1
Change Component Designator: Old Designator=P17 New Designator=P2
Change Component Designator: Old Designator=P20 New Designator=P6
Change Component Designator: Old Designator=P21 New Designator=P7
Change Component Designator: Old Designator=P22 New Designator=P5
Change Component Designator: Old Designator=P23 New Designator=P3
Change Component Designator: Old Designator=P24 New Designator=P4
Change Component Designator: Old Designator=P26 New Designator=P8
Change Component Designator: Old Designator=P27 New Designator=P9
Change Component Designator: Old Designator=P29 New Designator=P11
Change Component Designator: Old Designator=P30 New Designator=P12
Change Component Designator: Old Designator=Q4 New Designator=Q1
Change Component Designator: Old Designator=R1 New Designator=R5
Change Component Designator: Old Designator=R2 New Designator=R6
Change Component Designator: Old Designator=R3 New Designator=R21
Change Component Designator: Old Designator=R4 New Designator=R13
Change Component Designator: Old Designator=R5 New Designator=R14
Change Component Designator: Old Designator=R6 New Designator=R23
Change Component Designator: Old Designator=R10 New Designator=R1
Change Component Designator: Old Designator=R11 New Designator=R2
Change Component Designator: Old Designator=R12 New Designator=R3
Change Component Designator: Old Designator=R13 New Designator=R4
Change Component Designator: Old Designator=R14 New Designator=R7
Change Component Designator: Old Designator=R15 New Designator=R8
Change Component Designator: Old Designator=R17 New Designator=R9
Change Component Designator: Old Designator=R19 New Designator=R10
Change Component Designator: Old Designator=R21 New Designator=R12
Change Component Designator: Old Designator=R25 New Designator=R11
Change Component Designator: Old Designator=R26 New Designator=R15
Change Component Designator: Old Designator=R28 New Designator=R16
Change Component Designator: Old Designator=R29 New Designator=R17
Change Component Designator: Old Designator=R30 New Designator=R18
Change Component Designator: Old Designator=R31 New Designator=R19
Change Component Designator: Old Designator=R32 New Designator=R20
Change Component Designator: Old Designator=R33 New Designator=R22
Change Component Designator: Old Designator=S4 New Designator=S2
Change Component Designator: Old Designator=U1 New Designator=U9
Change Component Designator: Old Designator=U2 New Designator=U10
Change Component Designator: Old Designator=U9 New Designator=U2
Change Component Designator: Old Designator=U10 New Designator=U3
Change Component Designator: Old Designator=U11 New Designator=U4
Change Component Designator: Old Designator=U12 New Designator=U1
Change Component Designator: Old Designator=U13 New Designator=U5
Change Component Designator: Old Designator=U14 New Designator=U6
Change Component Designator: Old Designator=U15 New Designator=U7
Change Component Designator: Old Designator=U16 New Designator=U8
Change Component Designator: Old Designator=U17 New Designator=U11
Change Component Designator: Old Designator=XTAL2 New Designator=XTAL1
Change Component Designator: Old Designator=XTAL3 New Designator=XTAL2
