Change Component Designator: Old Designator=* New Designator=*2
Change Component Designator: Old Designator=* New Designator=*3
Change Component Designator: Old Designator=C? New Designator=C46
Change Component Designator: Old Designator=C? New Designator=C47
Change Component Designator: Old Designator=C? New Designator=C48
Change Component Designator: Old Designator=C? New Designator=C49
Change Component Designator: Old Designator=C? New Designator=C50
Change Component Designator: Old Designator=P26 New Designator=P27
Change Component Designator: Old Designator=P27 New Designator=P28
Change Component Designator: Old Designator=P28 New Designator=P26
Change Component Designator: Old Designator=P? New Designator=P29
Change Component Designator: Old Designator=P? New Designator=P30
Change Component Designator: Old Designator=R? New Designator=R33
Change Component Designator: Old Designator=U9 New Designator=U10
Change Component Designator: Old Designator=U10 New Designator=U9
Change Component Designator: Old Designator=U11 New Designator=U12
Change Component Designator: Old Designator=U12 New Designator=U11
Change Component Designator: Old Designator=U14 New Designator=U13
Change Component Designator: Old Designator=U15 New Designator=U14
Change Component Designator: Old Designator=U16 New Designator=U15
Change Component Designator: Old Designator=U17 New Designator=U16
Change Component Designator: Old Designator=U? New Designator=U17
