Removed Pin From Net: NetName=NetP22_3 Pin=P22-3
Removed Pin From Net: NetName=NetP22_3 Pin=R5-1
Removed Pin From Net: NetName=NetP22_4 Pin=R5-2
Removed Pin From Net: NetName=3.3V Pin=R5-4
Removed Pin From Net: NetName=GND Pin=R5-6
Removed Pin From Net: NetName=WIFI_2 Pin=R5-7
Removed Pin From Net: NetName=3.3V Pin=R5-8
Removed Pin From Net: NetName=NetR5_5 Pin=U14-16
Removed Pin From Net: NetName=NetR5_5 Pin=U14-16
Removed Pin From Net: NetName=NetR5_3 Pin=U14-17
Removed Pin From Net: NetName=NetR5_3 Pin=U14-17
Removed Pin From Net: NetName=NetP22_3 Pin=U14-18
Removed Pin From Net: NetName=NetP22_3 Pin=U14-18
Added Pin To Net: NetName=NetR5_3 Pin=P22-3
Added Pin To Net: NetName=WIFI_2 Pin=R5-1
Added Pin To Net: NetName=3.3V Pin=R5-2
Added Pin To Net: NetName=NetP22_4 Pin=R5-4
Added Pin To Net: NetName=3.3V Pin=R5-6
Added Pin To Net: NetName=NetP22_3 Pin=R5-7
Added Pin To Net: NetName=GND Pin=R5-8
Added Pin To Net: NetName=NetP22_3 Pin=U14-16
Added Pin To Net: NetName=NetP22_3 Pin=U14-16
Added Pin To Net: NetName=NetR5_5 Pin=U14-17
Added Pin To Net: NetName=NetR5_5 Pin=U14-17
Added Pin To Net: NetName=NetR5_3 Pin=U14-18
Added Pin To Net: NetName=NetR5_3 Pin=U14-18
Change Net Name : Old Net Name=NetP22_3 New Net Name=NetR5_7
Change Net Name : Old Net Name=NetR5_3 New Net Name=BO_GND
