Change Component Designator: Old Designator=C28 New Designator=C34
Change Component Designator: Old Designator=C29 New Designator=C28
Change Component Designator: Old Designator=C30 New Designator=C29
Change Component Designator: Old Designator=C31 New Designator=C30
Change Component Designator: Old Designator=C32 New Designator=C31
Change Component Designator: Old Designator=C33 New Designator=C32
Change Component Designator: Old Designator=C34 New Designator=C33
Change Component Designator: Old Designator=P2 New Designator=P3
Change Component Designator: Old Designator=P3 New Designator=P4
Change Component Designator: Old Designator=P4 New Designator=P5
Change Component Designator: Old Designator=P5 New Designator=P6
Change Component Designator: Old Designator=P6 New Designator=P7
Change Component Designator: Old Designator=P7 New Designator=P8
Change Component Designator: Old Designator=P8 New Designator=P9
Change Component Designator: Old Designator=P9 New Designator=P10
Change Component Designator: Old Designator=P10 New Designator=P11
Change Component Designator: Old Designator=P11 New Designator=P12
Change Component Designator: Old Designator=P12 New Designator=P13
Change Component Designator: Old Designator=P13 New Designator=P14
Change Component Designator: Old Designator=P14 New Designator=P15
Change Component Designator: Old Designator=P15 New Designator=P16
Change Component Designator: Old Designator=P16 New Designator=P17
Change Component Designator: Old Designator=P? New Designator=P2
Change Component Designator: Old Designator=R21 New Designator=R23
Change Component Designator: Old Designator=R23 New Designator=R21
Change Component Designator: Old Designator=U10 New Designator=U9
Change Component Designator: Old Designator=U11 New Designator=U10
