Change Component Footprint: Designator=P10 Old Footprint=12864-0.96´ç New Footprint=12864-0.96´ç-ÎÞ±ß¿ò
Change Component Comment : Designator=K1 Old Comment=Reset New Comment=wakeup
Change Component Designator: OldDesignator=C1 NewDesignator=C28
Change Component Designator: OldDesignator=C2 NewDesignator=C1
Change Component Designator: OldDesignator=C3 NewDesignator=C2
Change Component Designator: OldDesignator=C4 NewDesignator=C31
Change Component Designator: OldDesignator=C19 NewDesignator=C3
Change Component Designator: OldDesignator=C20 NewDesignator=C4
Change Component Designator: OldDesignator=C21 NewDesignator=C5
Change Component Designator: OldDesignator=C22 NewDesignator=C6
Change Component Designator: OldDesignator=C23 NewDesignator=C7
Change Component Designator: OldDesignator=C24 NewDesignator=C8
Change Component Designator: OldDesignator=C25 NewDesignator=C9
Change Component Designator: OldDesignator=C26 NewDesignator=C10
Change Component Designator: OldDesignator=C27 NewDesignator=C11
Change Component Designator: OldDesignator=C28 NewDesignator=C12
Change Component Designator: OldDesignator=C29 NewDesignator=C18
Change Component Designator: OldDesignator=C30 NewDesignator=C13
Change Component Designator: OldDesignator=C31 NewDesignator=C14
Change Component Designator: OldDesignator=C32 NewDesignator=C15
Change Component Designator: OldDesignator=C33 NewDesignator=C16
Change Component Designator: OldDesignator=C34 NewDesignator=C17
Change Component Designator: OldDesignator=C36 NewDesignator=C19
Change Component Designator: OldDesignator=C37 NewDesignator=C20
Change Component Designator: OldDesignator=C38 NewDesignator=C21
Change Component Designator: OldDesignator=C39 NewDesignator=C22
Change Component Designator: OldDesignator=C40 NewDesignator=C23
Change Component Designator: OldDesignator=C41 NewDesignator=C24
Change Component Designator: OldDesignator=C42 NewDesignator=C25
Added Member To Class: ClassName=STM32_Controller_V2.0_ZET6 Member=Component C10 226
Added Member To Class: ClassName=STM32_Controller_V2.0_ZET6 Member=Component C11 104
Added Member To Class: ClassName=STM32_Controller_V2.0_ZET6 Member=Component C13 225
Added Member To Class: ClassName=STM32_Controller_V2.0_ZET6 Member=Component C15 104
Added Member To Class: ClassName=STM32_Controller_V2.0_ZET6 Member=Component C16 106
Added Member To Class: ClassName=STM32_Controller_V2.0_ZET6 Member=Component C17 104
Added Member To Class: ClassName=STM32_Controller_V2.0_ZET6 Member=Component C18 104
Added Member To Class: ClassName=STM32_Controller_V2.0_ZET6 Member=Component C28 104
Added Member To Class: ClassName=STM32_Controller_V2.0_ZET6 Member=Component C31 10uF
Added Member To Class: ClassName=STM32_Controller_V2.0_ZET6 Member=Component P2 ÏÂÔØÆ÷
Added Member To Class: ClassName=STM32_Controller_V2.0_ZET6 Member=Component P3 HC-05
Added Member To Class: ClassName=STM32_Controller_V2.0_ZET6 Member=Component P4 Zigbee
Added Member To Class: ClassName=STM32_Controller_V2.0_ZET6 Member=Component P5 ²¦Âë¿ª¹Ø4
Added Member To Class: ClassName=STM32_Controller_V2.0_ZET6 Member=Component R11 1K
Added Member To Class: ClassName=STM32_Controller_V2.0_ZET6 Member=Component R19 100K
Added Member To Class: ClassName=STM32_Controller_V2.0_ZET6 Member=Component U1 AMS1117_3.3
