Removed Pin From Net: NetName=5V Pin=R21-1
Removed Pin From Net: NetName=NetLED4_1 Pin=R21-2
Removed Member From Class: ClassName=STM32_Controller_V2.0_ZET6 Member=R23
Change Component Designator: OldDesignator=C18 NewDesignator=C17
Change Component Designator: OldDesignator=C19 NewDesignator=C18
Change Component Designator: OldDesignator=C20 NewDesignator=C19
Change Component Designator: OldDesignator=C21 NewDesignator=C20
Change Component Designator: OldDesignator=C22 NewDesignator=C21
Change Component Designator: OldDesignator=C23 NewDesignator=C22
Change Component Designator: OldDesignator=C24 NewDesignator=C23
Change Component Designator: OldDesignator=C25 NewDesignator=C24
Change Component Designator: OldDesignator=C26 NewDesignator=C25
Change Component Designator: OldDesignator=C27 NewDesignator=C26
Change Component Designator: OldDesignator=C28 NewDesignator=C27
Change Component Designator: OldDesignator=C29 NewDesignator=C28
Change Component Designator: OldDesignator=C30 NewDesignator=C29
Change Component Designator: OldDesignator=C31 NewDesignator=C30
Change Component Designator: OldDesignator=C32 NewDesignator=C31
Change Component Designator: OldDesignator=C33 NewDesignator=C32
Change Component Designator: OldDesignator=C34 NewDesignator=C33
Change Component Designator: OldDesignator=M? NewDesignator=M1
Change Component Designator: OldDesignator=P6 NewDesignator=P5
Change Component Designator: OldDesignator=P7 NewDesignator=P6
Change Component Designator: OldDesignator=P8 NewDesignator=P7
Change Component Designator: OldDesignator=P9 NewDesignator=P8
Change Component Designator: OldDesignator=P10 NewDesignator=P9
Change Component Designator: OldDesignator=P11 NewDesignator=P10
Change Component Designator: OldDesignator=P12 NewDesignator=P11
Change Component Designator: OldDesignator=P13 NewDesignator=P12
Change Component Designator: OldDesignator=P14 NewDesignator=P13
Change Component Designator: OldDesignator=P15 NewDesignator=P14
Change Component Designator: OldDesignator=R10 NewDesignator=R9
Change Component Designator: OldDesignator=R11 NewDesignator=R10
Change Component Designator: OldDesignator=R13 NewDesignator=R12
Change Component Designator: OldDesignator=R15 NewDesignator=R14
Change Component Designator: OldDesignator=R16 NewDesignator=R15
Change Component Designator: OldDesignator=R17 NewDesignator=R16
Change Component Designator: OldDesignator=R18 NewDesignator=R17
Change Component Designator: OldDesignator=R19 NewDesignator=R18
Change Component Designator: OldDesignator=R20 NewDesignator=R19
Change Component Designator: OldDesignator=R22 NewDesignator=R20
Change Component Designator: OldDesignator=R23 NewDesignator=R21
Change Component Designator: OldDesignator=U9 NewDesignator=U8
Change Component Designator: OldDesignator=U10 NewDesignator=U9
Change Component Designator: OldDesignator=U11 NewDesignator=U10
Change Component Designator: OldDesignator=U12 NewDesignator=U11
Added Component: Designator=LED3(0805LED(GREEN))
Added Component: Designator=R11(0603R)
Added Component: Designator=R13(0603R)
Added Pin To Net: NetName=POWER_GND Pin=LED3-2
Added Pin To Net: NetName=3.3V Pin=R11-1
Added Pin To Net: NetName=5V Pin=R13-1
Added Pin To Net: NetName=NetLED4_1 Pin=R13-2
Change Net Name : Old Net Name=NetC33_2 New Net Name=NetC32_2
Change Net Name : Old Net Name=NetR10_2 New Net Name=NetR9_2
Change Net Name : Old Net Name=NetR16_1 New Net Name=NetR15_1
Change Net Name : Old Net Name=NetR17_1 New Net Name=NetR16_1
Change Net Name : Old Net Name=NetR17_3 New Net Name=NetR16_3
Change Net Name : Old Net Name=NetR17_5 New Net Name=NetR16_5
Added Pin To Net: NetName=NetLED3_1 Pin=LED3-1
Added Pin To Net: NetName=NetLED3_1 Pin=R11-2
Added Net: Name=NetLED3_1
Added Member To Class: ClassName=STM32_Controller_V2.0_ZET6 Member=Component LED3 Powre
Added Member To Class: ClassName=STM32_Controller_V2.0_ZET6 Member=Component R11 1K
Added Member To Class: ClassName=STM32_Controller_V2.0_ZET6 Member=Component R13 1K
