Removed Member From Class: ClassName=STM32_Controller_V2.0_ZET6 Member=P?
Change Component Designator: OldDesignator=C28 NewDesignator=C34
Change Component Designator: OldDesignator=C29 NewDesignator=C28
Change Component Designator: OldDesignator=C30 NewDesignator=C29
Change Component Designator: OldDesignator=C31 NewDesignator=C30
Change Component Designator: OldDesignator=C32 NewDesignator=C31
Change Component Designator: OldDesignator=C33 NewDesignator=C32
Change Component Designator: OldDesignator=C34 NewDesignator=C33
Change Component Designator: OldDesignator=P2 NewDesignator=P3
Change Component Designator: OldDesignator=P3 NewDesignator=P4
Change Component Designator: OldDesignator=P4 NewDesignator=P5
Change Component Designator: OldDesignator=P5 NewDesignator=P6
Change Component Designator: OldDesignator=P6 NewDesignator=P7
Change Component Designator: OldDesignator=P7 NewDesignator=P8
Change Component Designator: OldDesignator=P8 NewDesignator=P9
Change Component Designator: OldDesignator=P9 NewDesignator=P10
Change Component Designator: OldDesignator=P10 NewDesignator=P11
Change Component Designator: OldDesignator=P11 NewDesignator=P12
Change Component Designator: OldDesignator=P12 NewDesignator=P13
Change Component Designator: OldDesignator=P13 NewDesignator=P14
Change Component Designator: OldDesignator=P14 NewDesignator=P15
Change Component Designator: OldDesignator=P15 NewDesignator=P16
Change Component Designator: OldDesignator=P16 NewDesignator=P17
Change Component Designator: OldDesignator=P? NewDesignator=P2
Change Component Designator: OldDesignator=R21 NewDesignator=R23
Change Component Designator: OldDesignator=R23 NewDesignator=R21
Change Component Designator: OldDesignator=U10 NewDesignator=U9
Change Component Designator: OldDesignator=U11 NewDesignator=U10
Change Net Name : Old Net Name=NetC34_2 New Net Name=NetC33_2
Change Net Name : Old Net Name=NetP5_4 New Net Name=NetP6_4
Change Net Name : Old Net Name=NetP?_1 New Net Name=NetP2_1
Added Member To Class: ClassName=STM32_Controller_V2.0_ZET6 Member=Component P17 ´®¿ÚÆÁ
