Change Component Designator: Old Designator=C18 New Designator=C17
Change Component Designator: Old Designator=C19 New Designator=C18
Change Component Designator: Old Designator=C20 New Designator=C19
Change Component Designator: Old Designator=C21 New Designator=C20
Change Component Designator: Old Designator=C22 New Designator=C21
Change Component Designator: Old Designator=C23 New Designator=C22
Change Component Designator: Old Designator=C24 New Designator=C23
Change Component Designator: Old Designator=C25 New Designator=C24
Change Component Designator: Old Designator=C26 New Designator=C25
Change Component Designator: Old Designator=C27 New Designator=C26
Change Component Designator: Old Designator=C28 New Designator=C27
Change Component Designator: Old Designator=C29 New Designator=C28
Change Component Designator: Old Designator=C30 New Designator=C29
Change Component Designator: Old Designator=C31 New Designator=C30
Change Component Designator: Old Designator=C32 New Designator=C31
Change Component Designator: Old Designator=C33 New Designator=C32
Change Component Designator: Old Designator=C34 New Designator=C33
Change Component Designator: Old Designator=LED? New Designator=LED3
Change Component Designator: Old Designator=LED? New Designator=LED4
Change Component Designator: Old Designator=M? New Designator=M1
Change Component Designator: Old Designator=P6 New Designator=P5
Change Component Designator: Old Designator=P7 New Designator=P6
Change Component Designator: Old Designator=P8 New Designator=P7
Change Component Designator: Old Designator=P9 New Designator=P8
Change Component Designator: Old Designator=P10 New Designator=P9
Change Component Designator: Old Designator=P11 New Designator=P10
Change Component Designator: Old Designator=P12 New Designator=P11
Change Component Designator: Old Designator=P13 New Designator=P12
Change Component Designator: Old Designator=P14 New Designator=P13
Change Component Designator: Old Designator=P15 New Designator=P14
Change Component Designator: Old Designator=R10 New Designator=R9
Change Component Designator: Old Designator=R11 New Designator=R10
Change Component Designator: Old Designator=R13 New Designator=R12
Change Component Designator: Old Designator=R15 New Designator=R14
Change Component Designator: Old Designator=R16 New Designator=R15
Change Component Designator: Old Designator=R17 New Designator=R16
Change Component Designator: Old Designator=R18 New Designator=R17
Change Component Designator: Old Designator=R19 New Designator=R18
Change Component Designator: Old Designator=R20 New Designator=R19
Change Component Designator: Old Designator=R22 New Designator=R20
Change Component Designator: Old Designator=R23 New Designator=R21
Change Component Designator: Old Designator=R? New Designator=R11
Change Component Designator: Old Designator=R? New Designator=R13
Change Component Designator: Old Designator=U9 New Designator=U8
Change Component Designator: Old Designator=U10 New Designator=U9
Change Component Designator: Old Designator=U11 New Designator=U10
Change Component Designator: Old Designator=U12 New Designator=U11
